__main__ 2023-05-03 21:42:12,313 DEBUG    Script Started
__main__ 2023-05-03 21:42:12,315 DEBUG    CustomerOrder(customer_id='243bc364-28a2-48ec-acd5-30db8d5abd5d', article_id='dbb4df67-ea30-4b0e-8b07-45a9873f3cb7', order_id=1000, timestamp=1683142932)
__main__ 2023-05-03 21:42:12,315 DEBUG    CustomerOrder(customer_id='243bc364-28a2-48ec-acd5-30db8d5abd5d', article_id='ab5e611a-ce67-4c34-85fb-f603dcd3948f', order_id=1000, timestamp=1683142932)
__main__ 2023-05-03 21:42:12,315 DEBUG    CustomerOrder(customer_id='243bc364-28a2-48ec-acd5-30db8d5abd5d', article_id='dbec29b8-7522-4025-a4ae-31aae349f8c2', order_id=1000, timestamp=1683142932)
__main__ 2023-05-03 21:42:12,315 DEBUG    CustomerOrder(customer_id='243bc364-28a2-48ec-acd5-30db8d5abd5d', article_id='e6c04da9-44ed-4f6b-b9b4-37e7c9292581', order_id=1000, timestamp=1683142932)
__main__ 2023-05-03 21:42:12,315 DEBUG    CustomerOrder(customer_id='243bc364-28a2-48ec-acd5-30db8d5abd5d', article_id='a7d45d10-435b-4ed7-946a-18a2ad953e1d', order_id=1000, timestamp=1683142932)
__main__ 2023-05-03 21:42:13,317 DEBUG    CustomerOrder(customer_id='ccccfb8a-6a3a-44c9-8986-495aa7766f2c', article_id='a7d45d10-435b-4ed7-946a-18a2ad953e1d', order_id=1001, timestamp=1683142933)
__main__ 2023-05-03 21:42:13,318 DEBUG    CustomerOrder(customer_id='ccccfb8a-6a3a-44c9-8986-495aa7766f2c', article_id='ce16bdcc-77f8-45e3-b310-14c3d2536bc5', order_id=1001, timestamp=1683142933)
__main__ 2023-05-03 21:42:13,319 DEBUG    CustomerOrder(customer_id='ccccfb8a-6a3a-44c9-8986-495aa7766f2c', article_id='a3f7cb9f-fae3-4ef0-b00d-aecc7744a375', order_id=1001, timestamp=1683142933)
__main__ 2023-05-03 21:42:13,319 DEBUG    CustomerOrder(customer_id='ccccfb8a-6a3a-44c9-8986-495aa7766f2c', article_id='cf17da1e-2d60-4961-8068-bb82d4f3547a', order_id=1001, timestamp=1683142933)
__main__ 2023-05-03 21:42:13,319 DEBUG    CustomerOrder(customer_id='ccccfb8a-6a3a-44c9-8986-495aa7766f2c', article_id='63e669ee-f4d7-41ae-969d-e8ba26e31c62', order_id=1001, timestamp=1683142933)
__main__ 2023-05-03 21:42:13,320 DEBUG    CustomerOrder(customer_id='ccccfb8a-6a3a-44c9-8986-495aa7766f2c', article_id='f5a3907d-b3e2-4b6b-8524-659758eb1d78', order_id=1001, timestamp=1683142933)
__main__ 2023-05-03 21:42:13,320 DEBUG    CustomerOrder(customer_id='ccccfb8a-6a3a-44c9-8986-495aa7766f2c', article_id='9295593d-3a60-45d3-9857-5acebd4a316b', order_id=1001, timestamp=1683142933)
__main__ 2023-05-03 21:42:13,320 DEBUG    CustomerOrder(customer_id='ccccfb8a-6a3a-44c9-8986-495aa7766f2c', article_id='08908c39-eb2e-4b8d-b311-7c37b5816d86', order_id=1001, timestamp=1683142933)
__main__ 2023-05-03 21:42:14,321 DEBUG    CustomerOrder(customer_id='166d8c71-a4b2-4fed-9d0d-3ba106660135', article_id='201492e5-90ea-4077-8d06-4d5403dc2465', order_id=1002, timestamp=1683142934)
__main__ 2023-05-03 21:42:14,322 DEBUG    CustomerOrder(customer_id='166d8c71-a4b2-4fed-9d0d-3ba106660135', article_id='dca185a3-7129-4194-b7fa-b430e70e6a3c', order_id=1002, timestamp=1683142934)
__main__ 2023-05-03 21:42:14,322 DEBUG    CustomerOrder(customer_id='166d8c71-a4b2-4fed-9d0d-3ba106660135', article_id='ab5e611a-ce67-4c34-85fb-f603dcd3948f', order_id=1002, timestamp=1683142934)
__main__ 2023-05-03 21:42:14,323 DEBUG    CustomerOrder(customer_id='166d8c71-a4b2-4fed-9d0d-3ba106660135', article_id='de932467-7eb4-46ab-b814-231bd54885e5', order_id=1002, timestamp=1683142934)
__main__ 2023-05-03 21:42:14,323 DEBUG    CustomerOrder(customer_id='166d8c71-a4b2-4fed-9d0d-3ba106660135', article_id='b31b310e-9867-43be-aaa4-4ee11a87c86a', order_id=1002, timestamp=1683142934)
__main__ 2023-05-03 21:42:14,324 DEBUG    CustomerOrder(customer_id='166d8c71-a4b2-4fed-9d0d-3ba106660135', article_id='142b80c2-276b-4784-b8b4-ae4dab45ed00', order_id=1002, timestamp=1683142934)
__main__ 2023-05-03 21:42:14,324 DEBUG    CustomerOrder(customer_id='166d8c71-a4b2-4fed-9d0d-3ba106660135', article_id='cf059ab3-1192-486e-bdb9-667c1be8e77e', order_id=1002, timestamp=1683142934)
__main__ 2023-05-03 21:42:14,324 DEBUG    CustomerOrder(customer_id='166d8c71-a4b2-4fed-9d0d-3ba106660135', article_id='31625bf5-7e24-433e-af8c-a6a082ec3722', order_id=1002, timestamp=1683142934)
__main__ 2023-05-03 21:42:14,324 DEBUG    CustomerOrder(customer_id='166d8c71-a4b2-4fed-9d0d-3ba106660135', article_id='2b421cc6-0697-4bee-8d27-5fcb5085a1b4', order_id=1002, timestamp=1683142934)
__main__ 2023-05-03 21:42:15,329 DEBUG    CustomerOrder(customer_id='a3c9a3ac-c443-4bea-9536-ed6c5f94e8fe', article_id='d2c788b1-aa15-474a-8761-56950579559f', order_id=1003, timestamp=1683142935)
__main__ 2023-05-03 21:42:15,329 DEBUG    CustomerOrder(customer_id='a3c9a3ac-c443-4bea-9536-ed6c5f94e8fe', article_id='9c9361c0-d7b1-4572-8d2b-3a9aa882415f', order_id=1003, timestamp=1683142935)
__main__ 2023-05-03 21:42:16,332 DEBUG    CustomerOrder(customer_id='59bccc38-941f-4da9-904b-e63e77f690c1', article_id='395f6d68-1540-439e-8d34-3bee3ff0530e', order_id=1004, timestamp=1683142936)
__main__ 2023-05-03 21:42:16,332 DEBUG    CustomerOrder(customer_id='59bccc38-941f-4da9-904b-e63e77f690c1', article_id='dff4f558-365a-4449-88f1-ca844b0371e3', order_id=1004, timestamp=1683142936)
__main__ 2023-05-03 21:42:16,333 DEBUG    CustomerOrder(customer_id='59bccc38-941f-4da9-904b-e63e77f690c1', article_id='63ccd835-df10-4f0b-b6c1-45b814f58d41', order_id=1004, timestamp=1683142936)
__main__ 2023-05-03 21:42:16,333 DEBUG    CustomerOrder(customer_id='59bccc38-941f-4da9-904b-e63e77f690c1', article_id='db96d612-d9a0-4aaa-81bb-dfd2d7d49632', order_id=1004, timestamp=1683142936)
__main__ 2023-05-03 21:42:16,333 DEBUG    CustomerOrder(customer_id='59bccc38-941f-4da9-904b-e63e77f690c1', article_id='3c67fbbb-3871-4568-ac96-b72506f477f4', order_id=1004, timestamp=1683142936)
__main__ 2023-05-03 21:42:16,334 DEBUG    CustomerOrder(customer_id='59bccc38-941f-4da9-904b-e63e77f690c1', article_id='db96d612-d9a0-4aaa-81bb-dfd2d7d49632', order_id=1004, timestamp=1683142936)
__main__ 2023-05-03 21:42:16,334 DEBUG    CustomerOrder(customer_id='59bccc38-941f-4da9-904b-e63e77f690c1', article_id='8f9d516c-a513-45cc-a4c8-563dd52f9f69', order_id=1004, timestamp=1683142936)
__main__ 2023-05-03 21:42:17,336 DEBUG    CustomerOrder(customer_id='1f20be44-d464-4416-bd7f-cfa981a643f3', article_id='9e2d954f-b667-4136-b63a-23f3a9ae1777', order_id=1005, timestamp=1683142937)
__main__ 2023-05-03 21:42:17,337 DEBUG    CustomerOrder(customer_id='1f20be44-d464-4416-bd7f-cfa981a643f3', article_id='440cf526-0b0e-4e21-b1e1-c8b6f54a228d', order_id=1005, timestamp=1683142937)
__main__ 2023-05-03 21:42:17,337 DEBUG    CustomerOrder(customer_id='1f20be44-d464-4416-bd7f-cfa981a643f3', article_id='02363d91-9cb2-4ca5-b9b3-3c01f595834c', order_id=1005, timestamp=1683142937)
__main__ 2023-05-03 21:42:17,337 DEBUG    CustomerOrder(customer_id='1f20be44-d464-4416-bd7f-cfa981a643f3', article_id='f5a3907d-b3e2-4b6b-8524-659758eb1d78', order_id=1005, timestamp=1683142937)
__main__ 2023-05-03 21:42:17,338 DEBUG    CustomerOrder(customer_id='1f20be44-d464-4416-bd7f-cfa981a643f3', article_id='ce16bdcc-77f8-45e3-b310-14c3d2536bc5', order_id=1005, timestamp=1683142937)
__main__ 2023-05-03 21:42:17,338 DEBUG    CustomerOrder(customer_id='1f20be44-d464-4416-bd7f-cfa981a643f3', article_id='a7d45d10-435b-4ed7-946a-18a2ad953e1d', order_id=1005, timestamp=1683142937)
__main__ 2023-05-03 21:42:17,338 DEBUG    CustomerOrder(customer_id='1f20be44-d464-4416-bd7f-cfa981a643f3', article_id='f5a3907d-b3e2-4b6b-8524-659758eb1d78', order_id=1005, timestamp=1683142937)
__main__ 2023-05-03 21:42:17,338 DEBUG    CustomerOrder(customer_id='1f20be44-d464-4416-bd7f-cfa981a643f3', article_id='860e8b60-ac6f-43f1-bcf9-58ecd7d1d7b5', order_id=1005, timestamp=1683142937)
__main__ 2023-05-03 21:42:17,339 DEBUG    CustomerOrder(customer_id='1f20be44-d464-4416-bd7f-cfa981a643f3', article_id='cf17da1e-2d60-4961-8068-bb82d4f3547a', order_id=1005, timestamp=1683142937)
__main__ 2023-05-03 21:42:17,339 DEBUG    CustomerOrder(customer_id='1f20be44-d464-4416-bd7f-cfa981a643f3', article_id='63e669ee-f4d7-41ae-969d-e8ba26e31c62', order_id=1005, timestamp=1683142937)
__main__ 2023-05-03 21:42:17,339 DEBUG    CustomerOrder(customer_id='1f20be44-d464-4416-bd7f-cfa981a643f3', article_id='54cf5431-ccf2-4140-b5ee-d66babe5426c', order_id=1005, timestamp=1683142937)
__main__ 2023-05-03 21:42:17,339 DEBUG    CustomerOrder(customer_id='1f20be44-d464-4416-bd7f-cfa981a643f3', article_id='7b035f1e-3307-4a24-85bc-b32f5db245bf', order_id=1005, timestamp=1683142937)
__main__ 2023-05-03 21:42:17,339 DEBUG    CustomerOrder(customer_id='1f20be44-d464-4416-bd7f-cfa981a643f3', article_id='dff4f558-365a-4449-88f1-ca844b0371e3', order_id=1005, timestamp=1683142937)
__main__ 2023-05-03 21:42:17,340 DEBUG    CustomerOrder(customer_id='1f20be44-d464-4416-bd7f-cfa981a643f3', article_id='8051ee12-7cab-4a00-bdf7-017b019cbe25', order_id=1005, timestamp=1683142937)
__main__ 2023-05-03 21:42:17,340 DEBUG    CustomerOrder(customer_id='1f20be44-d464-4416-bd7f-cfa981a643f3', article_id='02363d91-9cb2-4ca5-b9b3-3c01f595834c', order_id=1005, timestamp=1683142937)
__main__ 2023-05-03 21:42:17,340 DEBUG    CustomerOrder(customer_id='1f20be44-d464-4416-bd7f-cfa981a643f3', article_id='cfa41a9c-6326-4d00-8395-57a97f321b8f', order_id=1005, timestamp=1683142937)
__main__ 2023-05-03 21:42:18,341 DEBUG    CustomerOrder(customer_id='4f579dd9-1627-40be-ae03-8a7e6602461c', article_id='60b6a904-02cb-46b6-a176-d5342fa08eda', order_id=1006, timestamp=1683142938)
__main__ 2023-05-03 21:42:18,341 DEBUG    CustomerOrder(customer_id='4f579dd9-1627-40be-ae03-8a7e6602461c', article_id='ccbb70b3-095a-497e-abd4-9f6370a190de', order_id=1006, timestamp=1683142938)
__main__ 2023-05-03 21:42:18,341 DEBUG    CustomerOrder(customer_id='4f579dd9-1627-40be-ae03-8a7e6602461c', article_id='1bcb1fc7-678d-47fb-8d61-daeaef32d839', order_id=1006, timestamp=1683142938)
__main__ 2023-05-03 21:42:18,341 DEBUG    CustomerOrder(customer_id='4f579dd9-1627-40be-ae03-8a7e6602461c', article_id='032faad9-efff-4cd0-b865-928613fd392a', order_id=1006, timestamp=1683142938)
__main__ 2023-05-03 21:42:18,342 DEBUG    CustomerOrder(customer_id='4f579dd9-1627-40be-ae03-8a7e6602461c', article_id='85571a4a-19e4-43ff-bb88-9426f941178e', order_id=1006, timestamp=1683142938)
__main__ 2023-05-03 21:42:18,342 DEBUG    CustomerOrder(customer_id='4f579dd9-1627-40be-ae03-8a7e6602461c', article_id='63e669ee-f4d7-41ae-969d-e8ba26e31c62', order_id=1006, timestamp=1683142938)
__main__ 2023-05-03 21:42:18,342 DEBUG    CustomerOrder(customer_id='4f579dd9-1627-40be-ae03-8a7e6602461c', article_id='6c4cb77a-5d32-44e3-9914-3fcb8a6d6dd9', order_id=1006, timestamp=1683142938)
__main__ 2023-05-03 21:42:18,342 DEBUG    CustomerOrder(customer_id='4f579dd9-1627-40be-ae03-8a7e6602461c', article_id='dca185a3-7129-4194-b7fa-b430e70e6a3c', order_id=1006, timestamp=1683142938)
__main__ 2023-05-03 21:42:19,343 DEBUG    CustomerOrder(customer_id='10fb61ba-7055-4cda-9882-e8b1f28ccf80', article_id='64eb456c-7f67-41de-b3a9-7f34d466fdee', order_id=1007, timestamp=1683142939)
__main__ 2023-05-03 21:42:19,343 DEBUG    CustomerOrder(customer_id='10fb61ba-7055-4cda-9882-e8b1f28ccf80', article_id='32de0e5d-4c45-4487-8978-3e6f24de1e03', order_id=1007, timestamp=1683142939)
__main__ 2023-05-03 21:42:19,344 DEBUG    CustomerOrder(customer_id='10fb61ba-7055-4cda-9882-e8b1f28ccf80', article_id='3a3a35f2-5b95-459a-963a-01ad6e5a28f0', order_id=1007, timestamp=1683142939)
__main__ 2023-05-03 21:42:19,344 DEBUG    CustomerOrder(customer_id='10fb61ba-7055-4cda-9882-e8b1f28ccf80', article_id='1f2ca157-e4b6-40d2-999f-33bd67e4e707', order_id=1007, timestamp=1683142939)
__main__ 2023-05-03 21:42:19,345 DEBUG    CustomerOrder(customer_id='10fb61ba-7055-4cda-9882-e8b1f28ccf80', article_id='7286f7b9-1a28-4bc5-8968-2faa65849afa', order_id=1007, timestamp=1683142939)
__main__ 2023-05-03 21:42:19,345 DEBUG    CustomerOrder(customer_id='10fb61ba-7055-4cda-9882-e8b1f28ccf80', article_id='0ad76790-0119-4a31-8e3b-c46282490cde', order_id=1007, timestamp=1683142939)
__main__ 2023-05-03 21:42:19,345 DEBUG    CustomerOrder(customer_id='10fb61ba-7055-4cda-9882-e8b1f28ccf80', article_id='63ccd835-df10-4f0b-b6c1-45b814f58d41', order_id=1007, timestamp=1683142939)
__main__ 2023-05-03 21:42:19,345 DEBUG    CustomerOrder(customer_id='10fb61ba-7055-4cda-9882-e8b1f28ccf80', article_id='5c2f13fb-99ba-4bfb-bd33-6aef2339ff07', order_id=1007, timestamp=1683142939)
__main__ 2023-05-03 21:42:19,345 DEBUG    CustomerOrder(customer_id='10fb61ba-7055-4cda-9882-e8b1f28ccf80', article_id='e21e92ab-3f24-4ed5-8b26-a9438fc3873b', order_id=1007, timestamp=1683142939)
__main__ 2023-05-03 21:42:19,346 DEBUG    CustomerOrder(customer_id='10fb61ba-7055-4cda-9882-e8b1f28ccf80', article_id='1d32aee2-4323-4d6c-86a3-548c117ee303', order_id=1007, timestamp=1683142939)
__main__ 2023-05-03 21:58:03,281 DEBUG    Script Started
__main__ 2023-05-03 21:58:03,284 DEBUG    CustomerOrder(customer_id='f9daa17b-adea-4449-9dcd-f8bb7e27c6de', order_id=1000, article_ids=['a6ae3b48-8891-4f31-814f-378e63e60e38', '407478fe-8669-4b3c-a76d-012c303de64a', '29013070-2e35-4191-b8a3-58786f7bfe8b', '1d391d6d-8c29-4248-b535-47c618a40460', 'a7e845cf-46ed-48b5-859b-1ad6690a1afe', '8310b362-dea7-4089-87c7-c534c4475b52', 'e05670d5-34b2-4480-bded-976460a2a400', '70f22385-2ad3-4cc2-b343-c8267ff29b3b', 'd7d4db7a-e5d9-4cb5-8c7b-26f003b5ad7c'], timestamp=1683143883, amount=240459)
__main__ 2023-05-03 21:58:04,287 DEBUG    CustomerOrder(customer_id='8f7699a9-c07d-480c-8e42-437e41ae73b0', order_id=1001, article_ids=['407478fe-8669-4b3c-a76d-012c303de64a', '69cbf75f-4731-4fb0-9cc4-725931fac364', '619dfbb8-432a-4d77-94d5-40f3b625631d', 'c657eca6-cc22-4efd-9053-526c616c14e7'], timestamp=1683143884, amount=99475)
__main__ 2023-05-03 21:58:05,292 DEBUG    CustomerOrder(customer_id='509548db-2ccb-439a-bf23-4a0eeba84fb6', order_id=1002, article_ids=['a862aa96-7989-4c0e-8f08-6eff2b6ab4fe', '155f30c0-96e7-4439-b05d-7495a8357521', 'f0dc6226-daab-47d2-abc0-bacf916bf579', 'ceefbf38-a0fc-4a82-b176-0e3112ca4569', '96449cd0-a1c8-442b-bc30-ec3cac184b0d', 'e101994b-4682-4aa6-806b-b5d76fbd7948', '143a40c4-7443-4598-8850-3660ec72dd0f', '7ea48c1a-bcc6-4b29-b262-0761b4b44875', '0494189d-6b45-466f-a52c-630c8a4bac4e', 'c657eca6-cc22-4efd-9053-526c616c14e7', '35bc96f0-e2db-4724-be19-9a89baac2fb3'], timestamp=1683143885, amount=223772)
__main__ 2023-05-03 21:58:06,296 DEBUG    CustomerOrder(customer_id='8f7699a9-c07d-480c-8e42-437e41ae73b0', order_id=1003, article_ids=['1d391d6d-8c29-4248-b535-47c618a40460', '143a40c4-7443-4598-8850-3660ec72dd0f', '6c49af82-3a1d-4390-b92a-afea12e87335', '1139a199-271d-48ae-9eb5-ac6e93fcc2f9', '883fdaab-2b16-44ef-bd4b-24c93031d0ef', '3249fe64-3217-4535-b654-97e111f10d9b', '4c340aea-a528-432c-bb48-addf9288810c', '3c96f182-a2f3-4bb8-9195-1b561daf37f9', '7ea48c1a-bcc6-4b29-b262-0761b4b44875', '3c2690fc-abcb-4123-a1e0-ebd8a696ad00', '6822894a-200a-4589-82ce-329855500113', 'c657eca6-cc22-4efd-9053-526c616c14e7', 'a6ae3b48-8891-4f31-814f-378e63e60e38', '98ddc485-49f8-4e32-bb47-3b5ff5f89155'], timestamp=1683143886, amount=365311)
__main__ 2023-05-03 21:58:07,302 DEBUG    CustomerOrder(customer_id='589d66e7-f04a-41d4-adf6-adad8b5e331e', order_id=1004, article_ids=['1d391d6d-8c29-4248-b535-47c618a40460', 'fc28838b-1b49-4728-8955-3840bf274686', 'fc28838b-1b49-4728-8955-3840bf274686', 'cfe3d9e7-ac8d-48d7-b129-017fefaf7add', '0acb7744-edd7-4fe2-bf59-e25c98520f8d'], timestamp=1683143887, amount=173240)
__main__ 2023-05-03 21:58:08,306 DEBUG    CustomerOrder(customer_id='22b72848-a994-41d7-bd88-fae0fc117ab9', order_id=1005, article_ids=['35bc96f0-e2db-4724-be19-9a89baac2fb3', 'e6fbaf9a-e7c7-4257-8520-5e5ed6ea1e3a', '0acb7744-edd7-4fe2-bf59-e25c98520f8d', '3c96f182-a2f3-4bb8-9195-1b561daf37f9'], timestamp=1683143888, amount=112885)
__main__ 2023-05-03 21:58:09,308 DEBUG    CustomerOrder(customer_id='f71dd526-1aa3-4557-b81f-11a50ae60662', order_id=1006, article_ids=['b7e6c5c6-8eb1-4581-8f9f-af3796be0e8c', 'd91ec6ef-3180-4e58-be03-7cecd7799428'], timestamp=1683143889, amount=36623)
__main__ 2023-05-03 21:58:10,310 DEBUG    CustomerOrder(customer_id='dd3a23d9-f926-4bf5-bb3c-4734c7991fcc', order_id=1007, article_ids=['915a8a09-e16d-4e65-a5ed-9543f769d9bd', '32c8a6a3-1fca-4146-93ca-4ab0a7d1841e', '883fdaab-2b16-44ef-bd4b-24c93031d0ef', 'bb940f41-cc7e-42b0-bec8-32c2bd4d708d', 'e245edf4-e90c-4999-913d-2a4614c4930b', '3c96f182-a2f3-4bb8-9195-1b561daf37f9', 'e63f9a30-ae8f-49ce-b585-49194e40f5c8', 'a7e845cf-46ed-48b5-859b-1ad6690a1afe', 'f14b7a4b-84eb-4d51-8685-ed9c108d7022', '883fdaab-2b16-44ef-bd4b-24c93031d0ef', '81ea4a70-29bf-4201-ac65-a39a0cec5849', '70834858-190b-4d0d-bfd3-194ced45d588', 'd093d092-c6d6-421e-b6ac-6c630ea59caa', '42fe9c88-4730-4902-97e4-6ae3213020ed', 'cfe3d9e7-ac8d-48d7-b129-017fefaf7add', '48cb8a27-3675-4324-90af-30f073767916'], timestamp=1683143890, amount=423138)
__main__ 2023-05-03 21:58:11,313 DEBUG    CustomerOrder(customer_id='02f668eb-2b0d-4221-9b24-e42cf6d5a568', order_id=1008, article_ids=['cfe3d9e7-ac8d-48d7-b129-017fefaf7add', '6ed91bb7-d02d-4519-9840-edeb6c1dfe49', '143a40c4-7443-4598-8850-3660ec72dd0f', 'a862aa96-7989-4c0e-8f08-6eff2b6ab4fe', '31ef3747-f3de-43a7-a19e-28430b1e684b'], timestamp=1683143891, amount=127269)
__main__ 2023-05-03 21:58:12,319 DEBUG    CustomerOrder(customer_id='18d330d4-fcb8-4d07-8df8-00268ea2d544', order_id=1009, article_ids=['803f8807-30d9-45c8-a564-cf1b73caaf35', '70834858-190b-4d0d-bfd3-194ced45d588', '1d391d6d-8c29-4248-b535-47c618a40460', '7a51cd88-23a5-4ca6-9eb3-d9ead5d48b92', 'ceefbf38-a0fc-4a82-b176-0e3112ca4569', 'e05670d5-34b2-4480-bded-976460a2a400', '0494189d-6b45-466f-a52c-630c8a4bac4e', '9eb34b4b-c7cc-4821-863a-c4634b111051', '1139a199-271d-48ae-9eb5-ac6e93fcc2f9', '7a51cd88-23a5-4ca6-9eb3-d9ead5d48b92', '619dfbb8-432a-4d77-94d5-40f3b625631d'], timestamp=1683143892, amount=306344)
__main__ 2023-05-03 21:58:13,322 DEBUG    CustomerOrder(customer_id='f5d96fa7-25fc-4355-a916-8f18220fa502', order_id=1010, article_ids=['6822894a-200a-4589-82ce-329855500113', 'cfe3d9e7-ac8d-48d7-b129-017fefaf7add', '407478fe-8669-4b3c-a76d-012c303de64a', 'b5efd54c-d673-428e-9345-473d95ed08de'], timestamp=1683143893, amount=125807)
__main__ 2023-05-03 21:58:14,323 DEBUG    CustomerOrder(customer_id='c168d75d-a0f4-48b5-bb65-7d9362ddfd03', order_id=1011, article_ids=['98ddc485-49f8-4e32-bb47-3b5ff5f89155', 'd91ec6ef-3180-4e58-be03-7cecd7799428', 'e6fbaf9a-e7c7-4257-8520-5e5ed6ea1e3a', '0895a2d8-4f8f-4e78-808b-6465826e893e', '6c49af82-3a1d-4390-b92a-afea12e87335', '52f013da-402e-4dbb-888b-bc4000917d97', '32c8a6a3-1fca-4146-93ca-4ab0a7d1841e', 'bcd72474-5eee-4be3-8fc0-2cc79839f149', 'c657eca6-cc22-4efd-9053-526c616c14e7', 'f47e75d9-ed60-4ea4-af14-aa77a892379d', 'dab82cd3-6c6f-4d2c-b916-632f38b499e2', '3da30276-759e-409f-b5e0-ddd07ea4d585', '883fdaab-2b16-44ef-bd4b-24c93031d0ef', '29013070-2e35-4191-b8a3-58786f7bfe8b', '1088e206-4ad1-4686-82d4-50d59ef9abb5', '29013070-2e35-4191-b8a3-58786f7bfe8b', '7a51cd88-23a5-4ca6-9eb3-d9ead5d48b92', '70f22385-2ad3-4cc2-b343-c8267ff29b3b', '3c96f182-a2f3-4bb8-9195-1b561daf37f9'], timestamp=1683143894, amount=467306)
__main__ 2023-05-03 22:25:10,997 DEBUG    Script Started
__main__ 2023-05-03 22:25:11,111 DEBUG    Send row CustomerOrder(customer_id='a97b26c0-ee6e-4230-a386-ac318cabd506', order_id=1000, article_ids=['3971147b-be83-4a71-93dc-c7c01b112cb9', '8c89a29c-622b-498b-9617-fee290c9921e', '08d43466-1e5e-494b-8c5d-58da8d2d1594'], timestamp=1683145511, amount=72420) to kafka
__main__ 2023-05-03 22:25:12,114 DEBUG    Send row CustomerOrder(customer_id='3b4c5dfc-72aa-4465-8e08-0f7b45912f00', order_id=1001, article_ids=['ba212242-6106-42d6-b955-59a6e433da2c', '3137db93-e6a0-4558-847d-03d4bb645dd3', '575e9e35-631f-4331-95ec-a1173e9582a8', '874a7392-7910-4f9f-af12-8b2ca2ba70f3', '2c52a33b-16d0-40b1-ae1f-312cbdc4d996', 'fa11b855-6760-4361-ab9c-2ed298266700', '3971147b-be83-4a71-93dc-c7c01b112cb9', '600583ed-2e30-4e9b-be85-6a5523ca66f7'], timestamp=1683145512, amount=180360) to kafka
__main__ 2023-05-03 22:25:13,116 DEBUG    Send row CustomerOrder(customer_id='388202c0-f50c-4e58-93c1-43ebd60edb05', order_id=1002, article_ids=['2cd95ca6-3dda-42db-a15d-4f6879d711e6', 'cb71e713-0e02-468e-9092-4f2c928b60db', 'ea077262-e93a-467d-b4bb-37516139e0b3', '37abb0d3-6483-49db-b651-76d78fedbab3'], timestamp=1683145513, amount=96035) to kafka
__main__ 2023-05-03 22:25:14,121 DEBUG    Send row CustomerOrder(customer_id='9120fe08-a662-41cc-ad60-cc42b640082b', order_id=1003, article_ids=['861e5450-e2a7-4753-833e-f0767af85365', '54eb2064-c47a-4611-b175-de92523a6327', 'fea2943b-01cc-4105-a2d2-3012c9f8754d', 'b8b912e9-36c1-432d-9db5-4679372fd093', 'fea2943b-01cc-4105-a2d2-3012c9f8754d', 'ca7039d1-de47-46c9-b05d-5fc8be9611dc', 'b2eef80a-1ef0-484a-99e5-09bd16d7facd', '11d24da1-c2f6-4d6f-8a64-f36eac886eea', '861e5450-e2a7-4753-833e-f0767af85365', 'dadc59eb-7ce5-4eb1-84d7-b56904907b1f', '02074775-633a-4d01-980f-f560a2ab010d', '42f49605-42a3-4aca-8e79-9c897c22f879', 'ca7039d1-de47-46c9-b05d-5fc8be9611dc', '8c89a29c-622b-498b-9617-fee290c9921e', 'c5466328-9dee-44e9-9213-a49fbca29cb4', '147e82c6-e9d5-45b2-97e7-1b1496524560', '720f1431-71e8-43da-b138-275aa0d96e45', '4a783588-943d-4d4d-90ff-0f671d6c67d3'], timestamp=1683145514, amount=539015) to kafka
__main__ 2023-05-03 22:25:15,123 DEBUG    Send row CustomerOrder(customer_id='78ef668a-7fca-4a0f-bec7-75f2ed38ccf7', order_id=1004, article_ids=['49a414b4-1d39-4c97-987b-194393429e7e', 'f526b4ec-fb2b-4af0-9f8f-691867ca5363'], timestamp=1683145515, amount=37994) to kafka
